TN:
SF:src/Bank.sol
DA:56,49
FN:56,Bank.constructor
FNDA:49,Bank.constructor
DA:58,49
DA:60,49
DA:62,49
DA:73,6
FN:73,Bank.isValidAddress
FNDA:6,Bank.isValidAddress
DA:75,6
BRDA:75,0,0,-
DA:76,0
DA:85,0
FN:85,Bank.onlyAdmin
FNDA:0,Bank.onlyAdmin
DA:87,0
BRDA:87,1,0,-
DA:88,0
DA:99,29
FN:99,Bank.createAccount
FNDA:29,Bank.createAccount
DA:101,29
DA:103,27
DA:110,7
FN:110,Bank.deposit
FNDA:7,Bank.deposit
DA:111,7
DA:118,3
FN:118,Bank.withdraw
FNDA:3,Bank.withdraw
DA:119,3
DA:128,2
FN:128,Bank.transferFunds
FNDA:2,Bank.transferFunds
DA:129,2
DA:138,25
FN:138,Bank.borrow
FNDA:25,Bank.borrow
DA:140,25
DA:148,6
FN:148,Bank.payBack
FNDA:6,Bank.payBack
DA:150,6
DA:158,0
FN:158,Bank.freezeAccount
FNDA:0,Bank.freezeAccount
DA:160,0
DA:168,0
FN:168,Bank.activateAccount
FNDA:0,Bank.activateAccount
DA:170,0
DA:180,59
FN:180,Bank._isAccountActive
FNDA:59,Bank._isAccountActive
DA:181,59
DA:190,0
FN:190,Bank._freezeAccount
FNDA:0,Bank._freezeAccount
DA:192,0
BRDA:192,2,0,-
DA:193,0
DA:196,0
DA:198,0
DA:207,27
FN:207,Bank._activateAccount
FNDA:27,Bank._activateAccount
DA:209,27
BRDA:209,3,0,-
DA:210,0
DA:213,27
DA:215,27
DA:223,25
FN:223,Bank._isEligibleToBorrow
FNDA:25,Bank._isEligibleToBorrow
DA:225,25
DA:235,24
FN:235,Bank._isMaxBorrowAmountReached
FNDA:24,Bank._isMaxBorrowAmountReached
DA:237,24
DA:248,19
FN:248,Bank._calculateInterest
FNDA:19,Bank._calculateInterest
DA:249,19
DA:250,19
DA:251,19
DA:254,19
BRDA:254,4,0,2
DA:255,2
DA:260,17
DA:274,25
FN:274,Bank._borrow
FNDA:25,Bank._borrow
DA:276,25
BRDA:276,5,0,1
DA:277,1
DA:280,24
BRDA:280,6,0,1
DA:281,1
DA:284,23
DA:292,23
DA:294,21
BRDA:294,7,0,-
DA:295,0
DA:298,21
DA:307,6
FN:307,Bank.getHowMuchHasToBePaid
FNDA:6,Bank.getHowMuchHasToBePaid
DA:309,6
DA:310,6
DA:319,6
FN:319,Bank._payBack
FNDA:6,Bank._payBack
DA:321,6
BRDA:321,8,0,1
DA:322,1
DA:325,5
BRDA:325,9,0,1
DA:326,1
DA:329,4
DA:331,4
BRDA:331,10,0,1
DA:332,1
DA:335,3
DA:337,3
DA:338,3
DA:339,3
DA:340,3
DA:342,3
DA:353,0
FN:353,Bank.getBalance
FNDA:0,Bank.getBalance
DA:355,0
DA:363,4
FN:363,Bank.owner
FNDA:4,Bank.owner
DA:364,4
DA:372,1
FN:372,Bank.adminRole
FNDA:1,Bank.adminRole
DA:373,1
DA:382,1
FN:382,Bank.isAccountActive
FNDA:1,Bank.isAccountActive
DA:383,1
DA:392,1
FN:392,Bank.getBorrowerDetails
FNDA:1,Bank.getBorrowerDetails
DA:394,1
DA:406,2
FN:406,Bank.getBorrowerDetailsValues
FNDA:2,Bank.getBorrowerDetailsValues
DA:411,2
DA:412,2
DA:421,9
FN:421,Bank.calculateInterestForTesting
FNDA:9,Bank.calculateInterestForTesting
DA:422,9
DA:426,0
FN:426,Bank.receive
FNDA:0,Bank.receive
DA:428,0
FNF:28
FNH:22
LF:94
LH:75
BRF:11
BRH:6
end_of_record
TN:
SF:src/BankAccount.sol
DA:35,49
FN:35,BankAccount.constructor
FNDA:49,BankAccount.constructor
DA:37,49
DA:39,49
DA:58,49
FN:58,BankAccount.isValidAddress
FNDA:49,BankAccount.isValidAddress
DA:60,49
BRDA:60,0,0,-
DA:61,0
DA:70,49
FN:70,BankAccount.onlyAdmin
FNDA:49,BankAccount.onlyAdmin
DA:72,49
BRDA:72,1,0,-
DA:73,0
DA:85,29
FN:85,BankAccount.createAccount
FNDA:29,BankAccount.createAccount
DA:87,29
DA:94,10
FN:94,BankAccount.deposit
FNDA:10,BankAccount.deposit
DA:96,10
DA:104,4
FN:104,BankAccount.withdraw
FNDA:4,BankAccount.withdraw
DA:106,4
DA:115,5
FN:115,BankAccount.transferFunds
FNDA:5,BankAccount.transferFunds
DA:117,5
DA:126,23
FN:126,BankAccount.payLoan
FNDA:23,BankAccount.payLoan
DA:133,23
BRDA:133,2,0,1
DA:134,1
DA:137,22
BRDA:137,3,0,1
DA:138,1
DA:141,21
DA:144,21
DA:145,21
DA:148,3
FN:148,BankAccount.receiveLoan
FNDA:3,BankAccount.receiveLoan
DA:160,3
DA:168,49
FN:168,BankAccount.grantAdminRoleToBank
FNDA:49,BankAccount.grantAdminRoleToBank
DA:170,49
DA:181,29
FN:181,BankAccount._createAccount
FNDA:29,BankAccount._createAccount
DA:183,29
BRDA:183,4,0,1
DA:184,1
DA:187,28
BRDA:187,5,0,1
DA:188,1
DA:191,27
DA:193,27
DA:202,10
FN:202,BankAccount._deposit
FNDA:10,BankAccount._deposit
DA:204,9
BRDA:204,6,0,1
DA:205,1
DA:208,8
DA:210,8
DA:219,4
FN:219,BankAccount._withdraw
FNDA:4,BankAccount._withdraw
DA:221,3
BRDA:221,7,0,1
DA:222,1
DA:225,2
DA:227,2
DA:229,2
BRDA:229,8,0,-
DA:230,0
DA:233,2
DA:243,5
FN:243,BankAccount._transferFunds
FNDA:5,BankAccount._transferFunds
DA:249,3
BRDA:249,9,0,1
DA:250,1
DA:253,2
DA:255,2
DA:257,2
DA:268,16
FN:268,BankAccount.getBalance
FNDA:16,BankAccount.getBalance
DA:269,15
DA:277,3
FN:277,BankAccount.owner
FNDA:3,BankAccount.owner
DA:278,3
DA:286,1
FN:286,BankAccount.adminRole
FNDA:1,BankAccount.adminRole
DA:287,1
DA:295,0
FN:295,BankAccount.getMinimumBalance
FNDA:0,BankAccount.getMinimumBalance
DA:296,0
FNF:18
FNH:17
LF:63
LH:58
BRF:10
BRH:7
end_of_record
