TN:
SF:script/DeployBankSystem.s.sol
DA:9,82
FN:9,DeployBankSystem.run
FNDA:82,DeployBankSystem.run
DA:10,82
DA:12,82
DA:13,82
DA:16,82
DA:17,82
DA:18,82
DA:21,82
DA:22,82
DA:23,82
DA:26,82
DA:27,82
DA:28,82
DA:30,82
DA:32,82
DA:33,82
DA:34,82
DA:35,82
DA:36,82
DA:37,82
DA:39,82
FNF:1
FNH:1
LF:21
LH:21
BRF:0
BRH:0
end_of_record
TN:
SF:script/deprecated/DeployBank.s.sol
DA:9,0
FN:9,DeployBank.run
FNDA:0,DeployBank.run
DA:10,0
DA:12,0
DA:14,0
DA:17,0
DA:20,0
DA:21,0
DA:23,0
DA:25,0
DA:26,0
DA:27,0
DA:29,0
FNF:1
FNH:0
LF:12
LH:0
BRF:0
BRH:0
end_of_record
TN:
SF:script/deprecated/DeployBankAccount.s.sol
DA:8,0
FN:8,DeployBankAccount.run
FNDA:0,DeployBankAccount.run
DA:9,0
DA:11,0
DA:13,0
DA:14,0
DA:15,0
DA:17,0
DA:18,0
DA:20,0
FNF:1
FNH:0
LF:9
LH:0
BRF:0
BRH:0
end_of_record
TN:
SF:src/Bank.sol
DA:61,82
FN:61,Bank.constructor
FNDA:82,Bank.constructor
DA:63,82
DA:65,82
DA:67,82
DA:78,10
FN:78,Bank.isValidAddress
FNDA:10,Bank.isValidAddress
DA:80,10
BRDA:80,0,0,-
DA:81,0
DA:90,13
FN:90,Bank.onlyAdmin
FNDA:13,Bank.onlyAdmin
DA:92,13
BRDA:92,1,0,2
DA:93,2
DA:104,67
FN:104,Bank.createAccount
FNDA:67,Bank.createAccount
DA:106,67
DA:108,65
DA:115,8
FN:115,Bank.deposit
FNDA:8,Bank.deposit
DA:117,8
BRDA:117,2,0,2
DA:118,2
DA:120,6
DA:127,6
FN:127,Bank.withdraw
FNDA:6,Bank.withdraw
DA:129,6
BRDA:129,3,0,2
DA:130,2
DA:132,3
DA:141,5
FN:141,Bank.transferFunds
FNDA:5,Bank.transferFunds
DA:143,5
BRDA:143,4,0,2
DA:144,2
DA:146,2
DA:155,34
FN:155,Bank.borrow
FNDA:34,Bank.borrow
DA:157,34
DA:165,10
FN:165,Bank.payBack
FNDA:10,Bank.payBack
DA:167,10
DA:174,3
FN:174,Bank.payBackWithDueDayPassedFee
FNDA:3,Bank.payBackWithDueDayPassedFee
DA:176,3
DA:184,13
FN:184,Bank.freezeAccount
FNDA:13,Bank.freezeAccount
DA:186,11
DA:195,5
FN:195,Bank.activateAccount
FNDA:5,Bank.activateAccount
DA:197,5
BRDA:197,5,0,2
DA:198,2
DA:201,3
DA:211,156
FN:211,Bank._isAccountActive
FNDA:156,Bank._isAccountActive
DA:212,153
DA:221,11
FN:221,Bank._freezeAccount
FNDA:11,Bank._freezeAccount
DA:223,10
BRDA:223,6,0,2
DA:224,2
DA:227,8
DA:229,8
DA:238,68
FN:238,Bank._activateAccount
FNDA:68,Bank._activateAccount
DA:240,67
BRDA:240,7,0,2
DA:241,2
DA:244,65
DA:246,65
DA:254,34
FN:254,Bank._isEligibleToBorrow
FNDA:34,Bank._isEligibleToBorrow
DA:256,34
DA:266,32
FN:266,Bank._isMaxBorrowAmountReached
FNDA:32,Bank._isMaxBorrowAmountReached
DA:268,32
DA:279,29
FN:279,Bank._calculateInterest
FNDA:29,Bank._calculateInterest
DA:280,29
DA:281,29
DA:282,29
DA:285,29
BRDA:285,8,0,6
DA:286,6
DA:291,23
DA:305,34
FN:305,Bank._borrow
FNDA:34,Bank._borrow
DA:307,34
BRDA:307,9,0,2
DA:308,2
DA:311,32
BRDA:311,10,0,2
DA:312,2
DA:315,30
DA:323,30
DA:325,28
BRDA:325,11,0,1
DA:326,1
DA:329,27
DA:338,10
FN:338,Bank.getHowMuchHasToBePaid
FNDA:10,Bank.getHowMuchHasToBePaid
DA:340,10
DA:341,10
DA:350,10
FN:350,Bank._payBack
FNDA:10,Bank._payBack
DA:352,10
BRDA:352,12,0,1
DA:353,1
DA:356,9
BRDA:356,13,0,4
DA:357,4
DA:360,5
DA:362,5
BRDA:362,14,0,2
DA:363,2
DA:366,3
DA:368,3
DA:369,3
DA:370,3
DA:371,3
DA:373,3
DA:382,3
FN:382,Bank._payBackWithDueDayPassedFee
FNDA:3,Bank._payBackWithDueDayPassedFee
DA:384,3
DA:386,3
BRDA:386,15,0,1
DA:387,1
DA:390,2
DA:392,2
DA:393,2
DA:394,2
DA:395,2
DA:397,2
DA:408,4
FN:408,Bank.getBalance
FNDA:4,Bank.getBalance
DA:410,4
DA:418,16
FN:418,Bank.owner
FNDA:16,Bank.owner
DA:419,16
DA:427,2
FN:427,Bank.adminRole
FNDA:2,Bank.adminRole
DA:428,2
DA:437,16
FN:437,Bank.isAccountActive
FNDA:16,Bank.isAccountActive
DA:438,16
DA:447,1
FN:447,Bank.getBorrowerDetails
FNDA:1,Bank.getBorrowerDetails
DA:449,1
DA:461,4
FN:461,Bank.getBorrowerDetailsValues
FNDA:4,Bank.getBorrowerDetailsValues
DA:466,4
DA:467,4
DA:475,4
FN:475,Bank.getDueDayPassedFee
FNDA:4,Bank.getDueDayPassedFee
DA:476,4
DA:484,3
FN:484,Bank.getActivationFee
FNDA:3,Bank.getActivationFee
DA:485,3
DA:494,11
FN:494,Bank.calculateInterestForTesting
FNDA:11,Bank.calculateInterestForTesting
DA:495,11
DA:499,2
FN:499,Bank.receive
FNDA:2,Bank.receive
DA:501,2
FNF:32
FNH:32
LF:118
LH:117
BRF:16
BRH:15
end_of_record
TN:
SF:src/BankAccount.sol
DA:35,101
FN:35,BankAccount.constructor
FNDA:101,BankAccount.constructor
DA:37,101
DA:39,101
DA:58,85
FN:58,BankAccount.isValidAddress
FNDA:85,BankAccount.isValidAddress
DA:60,85
BRDA:60,0,0,1
DA:61,1
DA:70,84
FN:70,BankAccount.onlyAdmin
FNDA:84,BankAccount.onlyAdmin
DA:72,84
BRDA:72,1,0,1
DA:73,1
DA:85,71
FN:85,BankAccount.createAccount
FNDA:71,BankAccount.createAccount
DA:87,71
DA:94,12
FN:94,BankAccount.deposit
FNDA:12,BankAccount.deposit
DA:96,12
DA:104,6
FN:104,BankAccount.withdraw
FNDA:6,BankAccount.withdraw
DA:106,6
DA:115,7
FN:115,BankAccount.transferFunds
FNDA:7,BankAccount.transferFunds
DA:117,7
DA:126,33
FN:126,BankAccount.payLoan
FNDA:33,BankAccount.payLoan
DA:133,31
BRDA:133,2,0,1
DA:134,1
DA:137,30
BRDA:137,3,0,1
DA:138,1
DA:141,29
DA:144,29
DA:145,29
DA:148,8
FN:148,BankAccount.receiveLoan
FNDA:8,BankAccount.receiveLoan
DA:160,6
DA:168,85
FN:168,BankAccount.grantAdminRoleToBank
FNDA:85,BankAccount.grantAdminRoleToBank
DA:170,83
DA:181,71
FN:181,BankAccount._createAccount
FNDA:71,BankAccount._createAccount
DA:183,70
BRDA:183,4,0,1
DA:184,1
DA:187,69
BRDA:187,5,0,1
DA:188,1
DA:191,68
DA:193,68
DA:202,12
FN:202,BankAccount._deposit
FNDA:12,BankAccount._deposit
DA:204,10
BRDA:204,6,0,1
DA:205,1
DA:208,9
DA:210,9
DA:219,6
FN:219,BankAccount._withdraw
FNDA:6,BankAccount._withdraw
DA:221,4
BRDA:221,7,0,1
DA:222,1
DA:225,3
DA:227,3
DA:229,3
BRDA:229,8,0,1
DA:230,1
DA:233,2
DA:243,7
FN:243,BankAccount._transferFunds
FNDA:7,BankAccount._transferFunds
DA:249,3
BRDA:249,9,0,1
DA:250,1
DA:253,2
DA:255,2
DA:257,2
DA:268,23
FN:268,BankAccount.getBalance
FNDA:23,BankAccount.getBalance
DA:269,21
DA:277,4
FN:277,BankAccount.owner
FNDA:4,BankAccount.owner
DA:278,4
DA:286,2
FN:286,BankAccount.adminRole
FNDA:2,BankAccount.adminRole
DA:287,2
DA:295,1
FN:295,BankAccount.getMinimumBalance
FNDA:1,BankAccount.getMinimumBalance
DA:296,1
FNF:18
FNH:18
LF:63
LH:63
BRF:10
BRH:10
end_of_record
TN:
SF:test/unit/BankAccountTest.t.sol
DA:242,1
FN:242,MockRejectETH.receive
FNDA:1,MockRejectETH.receive
DA:243,1
DA:246,0
FN:246,MockRejectETH.fallback
FNDA:0,MockRejectETH.fallback
DA:247,0
FNF:2
FNH:1
LF:4
LH:2
BRF:0
BRH:0
end_of_record
TN:
SF:test/unit/BankTest.t.sol
DA:13,1
FN:13,MockRejectETH.receive
FNDA:1,MockRejectETH.receive
DA:14,1
DA:17,0
FN:17,MockRejectETH.fallback
FNDA:0,MockRejectETH.fallback
DA:18,0
FNF:2
FNH:1
LF:4
LH:2
BRF:0
BRH:0
end_of_record
